2024-10-11 13:02:21 DEBUG TestNG:82 - suiteXmlPath: "D:\Eclipse\Udemy demoProject\UProject\Master.xml"
2024-10-11 13:02:22 INFO  Utils:112 - [TestNG] Running:
  D:\Eclipse\Udemy demoProject\UProject\Master.xml

2024-10-11 13:03:31 DEBUG TestNG:82 - suiteXmlPath: "C:\Users\prksh\AppData\Local\Temp\testng-eclipse-160760898\testng-customsuite.xml"
2024-10-11 13:03:31 INFO  Utils:112 - [Utils] MethodGroupsHelper.collectMethodsByGroup() took 0 ms.
2024-10-11 13:03:31 INFO  Utils:112 - [Utils] MethodGroupsHelper.sortMethods() took 2 ms.
2024-10-11 13:03:31 INFO  Utils:112 - [Utils] MethodGroupsHelper.collectMethodsByGroup() took 0 ms.
2024-10-11 13:03:31 INFO  Utils:112 - [Utils] MethodGroupsHelper.sortMethods() took 0 ms.
2024-10-11 13:03:31 INFO  Utils:112 - [Utils] MethodGroupsHelper.collectMethodsByGroup() took 0 ms.
2024-10-11 13:03:31 INFO  Utils:112 - [Utils] MethodGroupsHelper.sortMethods() took 0 ms.
2024-10-11 13:03:31 INFO  Utils:112 - [Utils] MethodGroupsHelper.collectMethodsByGroup() took 0 ms.
2024-10-11 13:03:31 INFO  Utils:112 - [Utils] MethodGroupsHelper.sortMethods() took 0 ms.
2024-10-11 13:03:31 INFO  Utils:112 - [Utils] MethodGroupsHelper.collectMethodsByGroup() took 7 ms.
2024-10-11 13:03:31 INFO  Utils:112 - [Utils] MethodGroupsHelper.sortMethods() took 18 ms.
2024-10-11 13:03:31 INFO  Utils:112 - [Utils] MethodGroupsHelper.collectMethodsByGroup() took 0 ms.
2024-10-11 13:03:31 INFO  Utils:112 - [Utils] MethodGroupsHelper.sortMethods() took 0 ms.
2024-10-11 13:03:31 INFO  Utils:112 - [Utils] MethodGroupsHelper.collectMethodsByGroup() took 0 ms.
2024-10-11 13:03:31 INFO  Utils:112 - [Utils] MethodGroupsHelper.sortMethods() took 0 ms.
2024-10-11 13:03:31 INFO  Utils:112 - [Utils] MethodGroupsHelper.collectMethodsByGroup() took 0 ms.
2024-10-11 13:03:31 INFO  Utils:112 - [Utils] MethodGroupsHelper.sortMethods() took 0 ms.
2024-10-11 13:03:31 INFO  Utils:112 - [Utils] MethodGroupsHelper.collectMethodsByGroup() took 0 ms.
2024-10-11 13:03:31 INFO  Utils:112 - [Utils] MethodGroupsHelper.sortMethods() took 0 ms.
2024-10-11 13:03:31 INFO  Utils:112 - [Utils] MethodGroupsHelper.collectMethodsByGroup() took 1 ms.
2024-10-11 13:03:31 INFO  Utils:112 - [Utils] MethodGroupsHelper.sortMethods() took 0 ms.
2024-10-11 13:03:31 INFO  Utils:112 - [Utils] MethodGroupsHelper.collectMethodsByGroup() took 0 ms.
2024-10-11 13:03:31 INFO  Utils:112 - [Utils] MethodGroupsHelper.sortMethods() took 0 ms.
2024-10-11 13:03:31 INFO  Utils:112 - [Utils] MethodGroupsHelper.collectMethodsByGroup() took 0 ms.
2024-10-11 13:03:31 INFO  Utils:112 - [Utils] MethodGroupsHelper.sortMethods() took 0 ms.
2024-10-11 13:03:31 INFO  Utils:112 - [Utils] MethodGroupsHelper.collectMethodsByGroup() took 1 ms.
2024-10-11 13:03:31 INFO  Utils:112 - [Utils] MethodGroupsHelper.sortMethods() took 1 ms.
2024-10-11 13:03:31 INFO  Utils:112 - [Utils] MethodGroupsHelper.collectMethodsByGroup() took 0 ms.
2024-10-11 13:03:31 INFO  Utils:112 - [Utils] MethodGroupsHelper.sortMethods() took 0 ms.
2024-10-11 13:03:31 INFO  Utils:112 - [Utils] MethodGroupsHelper.collectMethodsByGroup() took 1 ms.
2024-10-11 13:03:31 INFO  Utils:112 - [Utils] MethodGroupsHelper.sortMethods() took 0 ms.
2024-10-11 13:03:31 INFO  Utils:112 - [TestNG] Running:
  C:\Users\prksh\AppData\Local\Temp\testng-eclipse-160760898\testng-customsuite.xml

2024-10-11 13:03:32 INFO  Utils:112 - [Utils] DynamicGraphHelper.createDynamicGraph() took 7 ms.
2024-10-11 13:03:32 ERROR Utils:154 - [Error] java.lang.NoClassDefFoundError: org/apache/poi/util/POILogFactory
	at org.apache.poi.POIXMLDocumentPart.&lt;clinit&gt;(POIXMLDocumentPart.java:49)
	at Utilities.ExcelUtility.getRowCount(ExcelUtility.java:37)
	at Utilities.DataProviders.getData(DataProviders.java:18)
	at java.base/jdk.internal.reflect.DirectMethodHandleAccessor.invoke(DirectMethodHandleAccessor.java:103)
	at java.base/java.lang.reflect.Method.invoke(Method.java:580)
	at org.testng.internal.invokers.MethodInvocationHelper.invokeMethod(MethodInvocationHelper.java:141)
	at org.testng.internal.invokers.MethodInvocationHelper.invokeMethod(MethodInvocationHelper.java:86)
	at org.testng.internal.invokers.MethodInvocationHelper.invokeMethodNoCheckedException(MethodInvocationHelper.java:54)
	at org.testng.internal.invokers.MethodInvocationHelper.invokeDataProvider(MethodInvocationHelper.java:159)
	at org.testng.internal.Parameters.handleParameters(Parameters.java:809)
	at org.testng.internal.Parameters.handleParameters(Parameters.java:734)
	at org.testng.internal.invokers.ParameterHandler.handleParameters(ParameterHandler.java:72)
	at org.testng.internal.invokers.ParameterHandler.createParameters(ParameterHandler.java:51)
	at org.testng.internal.invokers.TestInvoker$MethodInvocationAgent.invoke(TestInvoker.java:946)
	at org.testng.internal.invokers.TestInvoker.invokeTestMethods(TestInvoker.java:203)
	at org.testng.internal.invokers.TestMethodWorker.invokeTestMethods(TestMethodWorker.java:154)
	at org.testng.internal.invokers.TestMethodWorker.run(TestMethodWorker.java:134)
	at java.base/java.util.ArrayList.forEach(ArrayList.java:1596)
	at org.testng.TestRunner.privateRun(TestRunner.java:739)
	at org.testng.TestRunner.run(TestRunner.java:614)
	at org.testng.SuiteRunner.runTest(SuiteRunner.java:421)
	at org.testng.SuiteRunner.runSequentially(SuiteRunner.java:413)
	at org.testng.SuiteRunner.privateRun(SuiteRunner.java:373)
	at org.testng.SuiteRunner.run(SuiteRunner.java:312)
	at org.testng.SuiteRunnerWorker.runSuite(SuiteRunnerWorker.java:52)
	at org.testng.SuiteRunnerWorker.run(SuiteRunnerWorker.java:95)
	at org.testng.TestNG.runSuitesSequentially(TestNG.java:1274)
	at org.testng.TestNG.runSuitesLocally(TestNG.java:1208)
	at org.testng.TestNG.runSuites(TestNG.java:1112)
	at org.testng.TestNG.run(TestNG.java:1079)
	at org.testng.remote.AbstractRemoteTestNG.run(AbstractRemoteTestNG.java:115)
	at org.testng.remote.RemoteTestNG.initAndRun(RemoteTestNG.java:293)
	at org.testng.remote.RemoteTestNG.main(RemoteTestNG.java:91)
Caused by: java.lang.ClassNotFoundException: org.apache.poi.util.POILogFactory
	at java.base/jdk.internal.loader.BuiltinClassLoader.loadClass(BuiltinClassLoader.java:641)
	at java.base/jdk.internal.loader.ClassLoaders$AppClassLoader.loadClass(ClassLoaders.java:188)
	at java.base/java.lang.ClassLoader.loadClass(ClassLoader.java:526)
	... 33 more

2024-10-11 13:03:32 INFO  Utils:112 - [TestNG] Time taken by org.testng.reporters.jq.Main@649f2009: 458 ms
2024-10-11 13:03:32 INFO  Utils:112 - [TestNG] Time taken by org.testng.reporters.FailedReporter@200606de: 16 ms
2024-10-11 13:03:32 INFO  Utils:112 - [TestNG] Time taken by org.testng.reporters.XMLReporter@402f80f5: 13 ms
2024-10-11 13:03:32 INFO  Utils:112 - [TestNG] Time taken by org.testng.reporters.EmailableReporter2@4e9658b5: 12 ms
2024-10-11 13:03:32 INFO  Utils:112 - [TestNG] Time taken by org.testng.reporters.JUnitReportReporter@52eacb4b: 17 ms
2024-10-11 13:03:32 INFO  Utils:112 - [TestNG] Time taken by org.testng.internal.ExitCodeListener@5528a42c: 0 ms
2024-10-11 13:04:41 DEBUG TestNG:82 - suiteXmlPath: "C:\Users\prksh\AppData\Local\Temp\testng-eclipse--307416693\testng-customsuite.xml"
2024-10-11 13:04:42 INFO  Utils:112 - [Utils] MethodGroupsHelper.collectMethodsByGroup() took 0 ms.
2024-10-11 13:04:42 INFO  Utils:112 - [Utils] MethodGroupsHelper.sortMethods() took 3 ms.
2024-10-11 13:04:42 INFO  Utils:112 - [Utils] MethodGroupsHelper.collectMethodsByGroup() took 0 ms.
2024-10-11 13:04:42 INFO  Utils:112 - [Utils] MethodGroupsHelper.sortMethods() took 0 ms.
2024-10-11 13:04:42 INFO  Utils:112 - [Utils] MethodGroupsHelper.collectMethodsByGroup() took 0 ms.
2024-10-11 13:04:42 INFO  Utils:112 - [Utils] MethodGroupsHelper.sortMethods() took 0 ms.
2024-10-11 13:04:42 INFO  Utils:112 - [Utils] MethodGroupsHelper.collectMethodsByGroup() took 0 ms.
2024-10-11 13:04:42 INFO  Utils:112 - [Utils] MethodGroupsHelper.sortMethods() took 0 ms.
2024-10-11 13:04:42 INFO  Utils:112 - [Utils] MethodGroupsHelper.collectMethodsByGroup() took 7 ms.
2024-10-11 13:04:42 INFO  Utils:112 - [Utils] MethodGroupsHelper.sortMethods() took 17 ms.
2024-10-11 13:04:42 INFO  Utils:112 - [Utils] MethodGroupsHelper.collectMethodsByGroup() took 0 ms.
2024-10-11 13:04:42 INFO  Utils:112 - [Utils] MethodGroupsHelper.sortMethods() took 0 ms.
2024-10-11 13:04:42 INFO  Utils:112 - [Utils] MethodGroupsHelper.collectMethodsByGroup() took 0 ms.
2024-10-11 13:04:42 INFO  Utils:112 - [Utils] MethodGroupsHelper.sortMethods() took 0 ms.
2024-10-11 13:04:42 INFO  Utils:112 - [Utils] MethodGroupsHelper.collectMethodsByGroup() took 0 ms.
2024-10-11 13:04:42 INFO  Utils:112 - [Utils] MethodGroupsHelper.sortMethods() took 0 ms.
2024-10-11 13:04:42 INFO  Utils:112 - [Utils] MethodGroupsHelper.collectMethodsByGroup() took 0 ms.
2024-10-11 13:04:42 INFO  Utils:112 - [Utils] MethodGroupsHelper.sortMethods() took 0 ms.
2024-10-11 13:04:42 INFO  Utils:112 - [Utils] MethodGroupsHelper.collectMethodsByGroup() took 0 ms.
2024-10-11 13:04:42 INFO  Utils:112 - [Utils] MethodGroupsHelper.sortMethods() took 0 ms.
2024-10-11 13:04:42 INFO  Utils:112 - [Utils] MethodGroupsHelper.collectMethodsByGroup() took 0 ms.
2024-10-11 13:04:42 INFO  Utils:112 - [Utils] MethodGroupsHelper.sortMethods() took 0 ms.
2024-10-11 13:04:42 INFO  Utils:112 - [Utils] MethodGroupsHelper.collectMethodsByGroup() took 0 ms.
2024-10-11 13:04:42 INFO  Utils:112 - [Utils] MethodGroupsHelper.sortMethods() took 0 ms.
2024-10-11 13:04:42 INFO  Utils:112 - [Utils] MethodGroupsHelper.collectMethodsByGroup() took 0 ms.
2024-10-11 13:04:42 INFO  Utils:112 - [Utils] MethodGroupsHelper.sortMethods() took 0 ms.
2024-10-11 13:04:42 INFO  Utils:112 - [Utils] MethodGroupsHelper.collectMethodsByGroup() took 0 ms.
2024-10-11 13:04:42 INFO  Utils:112 - [Utils] MethodGroupsHelper.sortMethods() took 0 ms.
2024-10-11 13:04:42 INFO  Utils:112 - [Utils] MethodGroupsHelper.collectMethodsByGroup() took 0 ms.
2024-10-11 13:04:42 INFO  Utils:112 - [Utils] MethodGroupsHelper.sortMethods() took 0 ms.
2024-10-11 13:04:42 INFO  Utils:112 - [TestNG] Running:
  C:\Users\prksh\AppData\Local\Temp\testng-eclipse--307416693\testng-customsuite.xml

2024-10-11 13:04:42 INFO  Utils:112 - [Utils] DynamicGraphHelper.createDynamicGraph() took 7 ms.
2024-10-11 13:04:42 ERROR Utils:154 - [Error] java.lang.NoClassDefFoundError: org/apache/poi/util/POILogFactory
	at org.apache.poi.POIXMLDocumentPart.&lt;clinit&gt;(POIXMLDocumentPart.java:49)
	at Utilities.ExcelUtility.getRowCount(ExcelUtility.java:37)
	at Utilities.DataProviders.getData(DataProviders.java:18)
	at java.base/jdk.internal.reflect.DirectMethodHandleAccessor.invoke(DirectMethodHandleAccessor.java:103)
	at java.base/java.lang.reflect.Method.invoke(Method.java:580)
	at org.testng.internal.invokers.MethodInvocationHelper.invokeMethod(MethodInvocationHelper.java:141)
	at org.testng.internal.invokers.MethodInvocationHelper.invokeMethod(MethodInvocationHelper.java:86)
	at org.testng.internal.invokers.MethodInvocationHelper.invokeMethodNoCheckedException(MethodInvocationHelper.java:54)
	at org.testng.internal.invokers.MethodInvocationHelper.invokeDataProvider(MethodInvocationHelper.java:159)
	at org.testng.internal.Parameters.handleParameters(Parameters.java:809)
	at org.testng.internal.Parameters.handleParameters(Parameters.java:734)
	at org.testng.internal.invokers.ParameterHandler.handleParameters(ParameterHandler.java:72)
	at org.testng.internal.invokers.ParameterHandler.createParameters(ParameterHandler.java:51)
	at org.testng.internal.invokers.TestInvoker$MethodInvocationAgent.invoke(TestInvoker.java:946)
	at org.testng.internal.invokers.TestInvoker.invokeTestMethods(TestInvoker.java:203)
	at org.testng.internal.invokers.TestMethodWorker.invokeTestMethods(TestMethodWorker.java:154)
	at org.testng.internal.invokers.TestMethodWorker.run(TestMethodWorker.java:134)
	at java.base/java.util.ArrayList.forEach(ArrayList.java:1596)
	at org.testng.TestRunner.privateRun(TestRunner.java:739)
	at org.testng.TestRunner.run(TestRunner.java:614)
	at org.testng.SuiteRunner.runTest(SuiteRunner.java:421)
	at org.testng.SuiteRunner.runSequentially(SuiteRunner.java:413)
	at org.testng.SuiteRunner.privateRun(SuiteRunner.java:373)
	at org.testng.SuiteRunner.run(SuiteRunner.java:312)
	at org.testng.SuiteRunnerWorker.runSuite(SuiteRunnerWorker.java:52)
	at org.testng.SuiteRunnerWorker.run(SuiteRunnerWorker.java:95)
	at org.testng.TestNG.runSuitesSequentially(TestNG.java:1274)
	at org.testng.TestNG.runSuitesLocally(TestNG.java:1208)
	at org.testng.TestNG.runSuites(TestNG.java:1112)
	at org.testng.TestNG.run(TestNG.java:1079)
	at org.testng.remote.AbstractRemoteTestNG.run(AbstractRemoteTestNG.java:115)
	at org.testng.remote.RemoteTestNG.initAndRun(RemoteTestNG.java:293)
	at org.testng.remote.RemoteTestNG.main(RemoteTestNG.java:91)
Caused by: java.lang.ClassNotFoundException: org.apache.poi.util.POILogFactory
	at java.base/jdk.internal.loader.BuiltinClassLoader.loadClass(BuiltinClassLoader.java:641)
	at java.base/jdk.internal.loader.ClassLoaders$AppClassLoader.loadClass(ClassLoaders.java:188)
	at java.base/java.lang.ClassLoader.loadClass(ClassLoader.java:526)
	... 33 more

2024-10-11 13:04:43 INFO  Utils:112 - [TestNG] Time taken by org.testng.reporters.jq.Main@43c67247: 400 ms
2024-10-11 13:04:43 INFO  Utils:112 - [TestNG] Time taken by org.testng.reporters.FailedReporter@4362d7df: 18 ms
2024-10-11 13:04:43 INFO  Utils:112 - [TestNG] Time taken by org.testng.reporters.XMLReporter@1734f68: 15 ms
2024-10-11 13:04:43 INFO  Utils:112 - [TestNG] Time taken by org.testng.reporters.EmailableReporter2@47747fb9: 12 ms
2024-10-11 13:04:43 INFO  Utils:112 - [TestNG] Time taken by org.testng.reporters.JUnitReportReporter@c41709a: 15 ms
2024-10-11 13:04:43 INFO  Utils:112 - [TestNG] Time taken by org.testng.internal.ExitCodeListener@7db0565c: 1 ms
2024-10-11 13:05:11 DEBUG TestNG:82 - suiteXmlPath: "D:\Eclipse\Udemy demoProject\UProject\Master.xml"
2024-10-11 13:05:12 INFO  Utils:112 - [TestNG] Running:
  D:\Eclipse\Udemy demoProject\UProject\Master.xml

2024-10-11 13:06:36 DEBUG TestNG:82 - suiteXmlPath: "D:\Eclipse\Udemy demoProject\UProject\Master.xml"
2024-10-11 13:06:37 INFO  Utils:112 - [TestNG] Running:
  D:\Eclipse\Udemy demoProject\UProject\Master.xml

2024-10-11 13:07:45 DEBUG TestNG:82 - suiteXmlPath: "D:\Eclipse\Udemy demoProject\UProject\Master.xml"
2024-10-11 13:07:45 INFO  Utils:112 - [TestNG] Running:
  D:\Eclipse\Udemy demoProject\UProject\Master.xml

2024-10-11 13:08:50 DEBUG TestNG:82 - suiteXmlPath: "C:\Users\prksh\AppData\Local\Temp\testng-eclipse-253114837\testng-customsuite.xml"
2024-10-11 13:08:50 INFO  Utils:112 - [Utils] MethodGroupsHelper.collectMethodsByGroup() took 2 ms.
2024-10-11 13:08:50 INFO  Utils:112 - [Utils] MethodGroupsHelper.sortMethods() took 2 ms.
2024-10-11 13:08:50 INFO  Utils:112 - [Utils] MethodGroupsHelper.collectMethodsByGroup() took 0 ms.
2024-10-11 13:08:50 INFO  Utils:112 - [Utils] MethodGroupsHelper.sortMethods() took 0 ms.
2024-10-11 13:08:50 INFO  Utils:112 - [Utils] MethodGroupsHelper.collectMethodsByGroup() took 0 ms.
2024-10-11 13:08:50 INFO  Utils:112 - [Utils] MethodGroupsHelper.sortMethods() took 0 ms.
2024-10-11 13:08:50 INFO  Utils:112 - [Utils] MethodGroupsHelper.collectMethodsByGroup() took 0 ms.
2024-10-11 13:08:50 INFO  Utils:112 - [Utils] MethodGroupsHelper.sortMethods() took 0 ms.
2024-10-11 13:08:50 INFO  Utils:112 - [Utils] MethodGroupsHelper.collectMethodsByGroup() took 8 ms.
2024-10-11 13:08:50 INFO  Utils:112 - [Utils] MethodGroupsHelper.sortMethods() took 17 ms.
2024-10-11 13:08:50 INFO  Utils:112 - [Utils] MethodGroupsHelper.collectMethodsByGroup() took 0 ms.
2024-10-11 13:08:50 INFO  Utils:112 - [Utils] MethodGroupsHelper.sortMethods() took 0 ms.
2024-10-11 13:08:50 INFO  Utils:112 - [Utils] MethodGroupsHelper.collectMethodsByGroup() took 0 ms.
2024-10-11 13:08:50 INFO  Utils:112 - [Utils] MethodGroupsHelper.sortMethods() took 0 ms.
2024-10-11 13:08:50 INFO  Utils:112 - [Utils] MethodGroupsHelper.collectMethodsByGroup() took 0 ms.
2024-10-11 13:08:50 INFO  Utils:112 - [Utils] MethodGroupsHelper.sortMethods() took 0 ms.
2024-10-11 13:08:50 INFO  Utils:112 - [Utils] MethodGroupsHelper.collectMethodsByGroup() took 0 ms.
2024-10-11 13:08:50 INFO  Utils:112 - [Utils] MethodGroupsHelper.sortMethods() took 0 ms.
2024-10-11 13:08:50 INFO  Utils:112 - [Utils] MethodGroupsHelper.collectMethodsByGroup() took 0 ms.
2024-10-11 13:08:50 INFO  Utils:112 - [Utils] MethodGroupsHelper.sortMethods() took 0 ms.
2024-10-11 13:08:50 INFO  Utils:112 - [Utils] MethodGroupsHelper.collectMethodsByGroup() took 0 ms.
2024-10-11 13:08:50 INFO  Utils:112 - [Utils] MethodGroupsHelper.sortMethods() took 0 ms.
2024-10-11 13:08:50 INFO  Utils:112 - [Utils] MethodGroupsHelper.collectMethodsByGroup() took 0 ms.
2024-10-11 13:08:50 INFO  Utils:112 - [Utils] MethodGroupsHelper.sortMethods() took 0 ms.
2024-10-11 13:08:50 INFO  Utils:112 - [Utils] MethodGroupsHelper.collectMethodsByGroup() took 0 ms.
2024-10-11 13:08:50 INFO  Utils:112 - [Utils] MethodGroupsHelper.sortMethods() took 0 ms.
2024-10-11 13:08:50 INFO  Utils:112 - [Utils] MethodGroupsHelper.collectMethodsByGroup() took 0 ms.
2024-10-11 13:08:50 INFO  Utils:112 - [Utils] MethodGroupsHelper.sortMethods() took 0 ms.
2024-10-11 13:08:50 INFO  Utils:112 - [Utils] MethodGroupsHelper.collectMethodsByGroup() took 0 ms.
2024-10-11 13:08:50 INFO  Utils:112 - [Utils] MethodGroupsHelper.sortMethods() took 0 ms.
2024-10-11 13:08:50 INFO  Utils:112 - [Utils] MethodGroupsHelper.collectMethodsByGroup() took 1 ms.
2024-10-11 13:08:50 INFO  Utils:112 - [Utils] MethodGroupsHelper.sortMethods() took 0 ms.
2024-10-11 13:08:50 INFO  Utils:112 - [Utils] MethodGroupsHelper.collectMethodsByGroup() took 0 ms.
2024-10-11 13:08:50 INFO  Utils:112 - [Utils] MethodGroupsHelper.sortMethods() took 0 ms.
2024-10-11 13:08:50 INFO  Utils:112 - [Utils] MethodGroupsHelper.collectMethodsByGroup() took 0 ms.
2024-10-11 13:08:50 INFO  Utils:112 - [Utils] MethodGroupsHelper.sortMethods() took 0 ms.
2024-10-11 13:08:50 INFO  Utils:112 - [Utils] MethodGroupsHelper.collectMethodsByGroup() took 0 ms.
2024-10-11 13:08:50 INFO  Utils:112 - [Utils] MethodGroupsHelper.sortMethods() took 0 ms.
2024-10-11 13:08:50 INFO  Utils:112 - [Utils] MethodGroupsHelper.collectMethodsByGroup() took 0 ms.
2024-10-11 13:08:50 INFO  Utils:112 - [Utils] MethodGroupsHelper.sortMethods() took 0 ms.
2024-10-11 13:08:50 INFO  Utils:112 - [Utils] MethodGroupsHelper.collectMethodsByGroup() took 0 ms.
2024-10-11 13:08:50 INFO  Utils:112 - [Utils] MethodGroupsHelper.sortMethods() took 0 ms.
2024-10-11 13:08:50 INFO  Utils:112 - [Utils] MethodGroupsHelper.collectMethodsByGroup() took 0 ms.
2024-10-11 13:08:50 INFO  Utils:112 - [Utils] MethodGroupsHelper.sortMethods() took 0 ms.
2024-10-11 13:08:50 INFO  Utils:112 - [Utils] MethodGroupsHelper.collectMethodsByGroup() took 0 ms.
2024-10-11 13:08:50 INFO  Utils:112 - [Utils] MethodGroupsHelper.sortMethods() took 0 ms.
2024-10-11 13:08:50 INFO  Utils:112 - [Utils] MethodGroupsHelper.collectMethodsByGroup() took 0 ms.
2024-10-11 13:08:50 INFO  Utils:112 - [Utils] MethodGroupsHelper.sortMethods() took 0 ms.
2024-10-11 13:08:50 INFO  Utils:112 - [Utils] MethodGroupsHelper.collectMethodsByGroup() took 0 ms.
2024-10-11 13:08:50 INFO  Utils:112 - [Utils] MethodGroupsHelper.sortMethods() took 0 ms.
2024-10-11 13:08:50 INFO  Utils:112 - [Utils] MethodGroupsHelper.collectMethodsByGroup() took 0 ms.
2024-10-11 13:08:50 INFO  Utils:112 - [Utils] MethodGroupsHelper.sortMethods() took 0 ms.
2024-10-11 13:08:50 INFO  Utils:112 - [Utils] MethodGroupsHelper.collectMethodsByGroup() took 0 ms.
2024-10-11 13:08:50 INFO  Utils:112 - [Utils] MethodGroupsHelper.sortMethods() took 0 ms.
2024-10-11 13:08:50 INFO  Utils:112 - [Utils] MethodGroupsHelper.collectMethodsByGroup() took 0 ms.
2024-10-11 13:08:50 INFO  Utils:112 - [Utils] MethodGroupsHelper.sortMethods() took 0 ms.
2024-10-11 13:08:50 INFO  Utils:112 - [Utils] MethodGroupsHelper.collectMethodsByGroup() took 0 ms.
2024-10-11 13:08:50 INFO  Utils:112 - [Utils] MethodGroupsHelper.sortMethods() took 0 ms.
2024-10-11 13:08:50 INFO  Utils:112 - [Utils] MethodGroupsHelper.collectMethodsByGroup() took 0 ms.
2024-10-11 13:08:50 INFO  Utils:112 - [Utils] MethodGroupsHelper.sortMethods() took 0 ms.
2024-10-11 13:08:50 INFO  Utils:112 - [Utils] MethodGroupsHelper.collectMethodsByGroup() took 0 ms.
2024-10-11 13:08:50 INFO  Utils:112 - [Utils] MethodGroupsHelper.sortMethods() took 0 ms.
2024-10-11 13:08:50 INFO  Utils:112 - [Utils] MethodGroupsHelper.collectMethodsByGroup() took 0 ms.
2024-10-11 13:08:50 INFO  Utils:112 - [Utils] MethodGroupsHelper.sortMethods() took 0 ms.
2024-10-11 13:08:50 INFO  Utils:112 - [Utils] MethodGroupsHelper.collectMethodsByGroup() took 0 ms.
2024-10-11 13:08:50 INFO  Utils:112 - [Utils] MethodGroupsHelper.sortMethods() took 5 ms.
2024-10-11 13:08:50 INFO  Utils:112 - [Utils] MethodGroupsHelper.collectMethodsByGroup() took 0 ms.
2024-10-11 13:08:50 INFO  Utils:112 - [Utils] MethodGroupsHelper.sortMethods() took 0 ms.
2024-10-11 13:08:50 INFO  Utils:112 - [Utils] MethodGroupsHelper.collectMethodsByGroup() took 0 ms.
2024-10-11 13:08:50 INFO  Utils:112 - [Utils] MethodGroupsHelper.sortMethods() took 0 ms.
2024-10-11 13:08:50 INFO  Utils:112 - [TestNG] Running:
  C:\Users\prksh\AppData\Local\Temp\testng-eclipse-253114837\testng-customsuite.xml

2024-10-11 13:08:50 INFO  Utils:112 - [Utils] DynamicGraphHelper.createDynamicGraph() took 10 ms.
2024-10-11 13:08:50 ERROR Utils:154 - [Error] java.lang.NoClassDefFoundError: org/apache/poi/util/POILogFactory
	at org.apache.poi.POIXMLDocumentPart.&lt;clinit&gt;(POIXMLDocumentPart.java:49)
	at Utilities.ExcelUtility.getRowCount(ExcelUtility.java:37)
	at Utilities.DataProviders.getData(DataProviders.java:18)
	at java.base/jdk.internal.reflect.DirectMethodHandleAccessor.invoke(DirectMethodHandleAccessor.java:103)
	at java.base/java.lang.reflect.Method.invoke(Method.java:580)
	at org.testng.internal.invokers.MethodInvocationHelper.invokeMethod(MethodInvocationHelper.java:141)
	at org.testng.internal.invokers.MethodInvocationHelper.invokeMethod(MethodInvocationHelper.java:86)
	at org.testng.internal.invokers.MethodInvocationHelper.invokeMethodNoCheckedException(MethodInvocationHelper.java:54)
	at org.testng.internal.invokers.MethodInvocationHelper.invokeDataProvider(MethodInvocationHelper.java:159)
	at org.testng.internal.Parameters.handleParameters(Parameters.java:809)
	at org.testng.internal.Parameters.handleParameters(Parameters.java:734)
	at org.testng.internal.invokers.ParameterHandler.handleParameters(ParameterHandler.java:72)
	at org.testng.internal.invokers.ParameterHandler.createParameters(ParameterHandler.java:51)
	at org.testng.internal.invokers.TestInvoker$MethodInvocationAgent.invoke(TestInvoker.java:946)
	at org.testng.internal.invokers.TestInvoker.invokeTestMethods(TestInvoker.java:203)
	at org.testng.internal.invokers.TestMethodWorker.invokeTestMethods(TestMethodWorker.java:154)
	at org.testng.internal.invokers.TestMethodWorker.run(TestMethodWorker.java:134)
	at java.base/java.util.ArrayList.forEach(ArrayList.java:1596)
	at org.testng.TestRunner.privateRun(TestRunner.java:739)
	at org.testng.TestRunner.run(TestRunner.java:614)
	at org.testng.SuiteRunner.runTest(SuiteRunner.java:421)
	at org.testng.SuiteRunner.runSequentially(SuiteRunner.java:413)
	at org.testng.SuiteRunner.privateRun(SuiteRunner.java:373)
	at org.testng.SuiteRunner.run(SuiteRunner.java:312)
	at org.testng.SuiteRunnerWorker.runSuite(SuiteRunnerWorker.java:52)
	at org.testng.SuiteRunnerWorker.run(SuiteRunnerWorker.java:95)
	at org.testng.TestNG.runSuitesSequentially(TestNG.java:1274)
	at org.testng.TestNG.runSuitesLocally(TestNG.java:1208)
	at org.testng.TestNG.runSuites(TestNG.java:1112)
	at org.testng.TestNG.run(TestNG.java:1079)
	at org.testng.remote.AbstractRemoteTestNG.run(AbstractRemoteTestNG.java:115)
	at org.testng.remote.RemoteTestNG.initAndRun(RemoteTestNG.java:293)
	at org.testng.remote.RemoteTestNG.main(RemoteTestNG.java:91)
Caused by: java.lang.ClassNotFoundException: org.apache.poi.util.POILogFactory
	at java.base/jdk.internal.loader.BuiltinClassLoader.loadClass(BuiltinClassLoader.java:641)
	at java.base/jdk.internal.loader.ClassLoaders$AppClassLoader.loadClass(ClassLoaders.java:188)
	at java.base/java.lang.ClassLoader.loadClass(ClassLoader.java:526)
	... 33 more

2024-10-11 13:08:51 INFO  Utils:112 - [TestNG] Time taken by org.testng.reporters.jq.Main@39c11e6c: 274 ms
2024-10-11 13:08:51 INFO  Utils:112 - [TestNG] Time taken by org.testng.reporters.FailedReporter@547e29a4: 55 ms
2024-10-11 13:08:51 INFO  Utils:112 - [TestNG] Time taken by org.testng.reporters.XMLReporter@28c0b664: 38 ms
2024-10-11 13:08:51 INFO  Utils:112 - [TestNG] Time taken by org.testng.reporters.EmailableReporter2@7bdf6bb7: 15 ms
2024-10-11 13:08:51 INFO  Utils:112 - [TestNG] Time taken by org.testng.reporters.JUnitReportReporter@4d0402b: 16 ms
2024-10-11 13:08:51 INFO  Utils:112 - [TestNG] Time taken by org.testng.internal.ExitCodeListener@2fa7ae9: 0 ms
2024-10-11 13:09:07 DEBUG TestNG:82 - suiteXmlPath: "D:\Eclipse\Udemy demoProject\UProject\Grouping.xml"
2024-10-11 13:09:08 INFO  Utils:112 - [TestNG] Running:
  D:\Eclipse\Udemy demoProject\UProject\Grouping.xml

2024-10-11 13:09:29 DEBUG TestNG:82 - suiteXmlPath: "D:\Eclipse\Udemy demoProject\UProject\CrossBrowser.xml"
2024-10-11 13:10:12 DEBUG TestNG:82 - suiteXmlPath: "D:\Eclipse\Udemy demoProject\UProject\Master.xml"
2024-10-11 13:10:47 DEBUG TestNG:82 - suiteXmlPath: "D:\Eclipse\Udemy demoProject\UProject\Master.xml"
2024-10-11 13:10:47 INFO  Utils:112 - [TestNG] Running:
  D:\Eclipse\Udemy demoProject\UProject\Master.xml

2024-10-11 13:12:57 DEBUG TestNG:82 - suiteXmlPath: "D:\Eclipse\Udemy demoProject\UProject\Master.xml"
2024-10-11 13:12:57 INFO  Utils:112 - [TestNG] Running:
  D:\Eclipse\Udemy demoProject\UProject\Master.xml

2024-10-11 13:13:47 DEBUG TestNG:82 - suiteXmlPath: "D:\Eclipse\Udemy demoProject\UProject\Master.xml"
2024-10-11 13:13:47 INFO  Utils:112 - [TestNG] Running:
  D:\Eclipse\Udemy demoProject\UProject\Master.xml

2024-10-11 13:13:52 INFO  TC001_AccountRegistrationTest:17 - ***** Starting TC001_AccountRegistrationTest******
2024-10-11 13:13:53 INFO  TC001_AccountRegistrationTest:23 - Click My Account Link
2024-10-11 13:13:54 INFO  TC001_AccountRegistrationTest:25 - Click Registration Link
2024-10-11 13:13:54 INFO  TC001_AccountRegistrationTest:29 - Providing Customer Details
2024-10-11 13:13:58 INFO  TC001_AccountRegistrationTest:43 - Validating expected message...
2024-10-11 13:13:59 INFO  TC001_AccountRegistrationTest:64 - ***** Finished TC001_AccountRegistrationTest******
2024-10-11 13:14:02 INFO  TC002_LoginTest:17 - **** Starting TC002_LoginTest *****
2024-10-11 13:14:02 INFO  TC002_LoginTest:23 - Click on My Account Link
2024-10-11 13:14:03 INFO  TC002_LoginTest:25 - Click Login Link
2024-10-11 13:14:03 INFO  TC002_LoginTest:28 - Putting MY Email and Password 
2024-10-11 13:14:04 INFO  TC002_LoginTest:34 - My account msg is expexted
2024-10-11 13:14:05 INFO  TC002_LoginTest:45 - ****** Finnished TC002_LoginTest *****
2024-10-11 13:14:53 DEBUG TestNG:82 - suiteXmlPath: "D:\Eclipse\Udemy demoProject\UProject\Master.xml"
2024-10-11 13:14:54 INFO  Utils:112 - [TestNG] Running:
  D:\Eclipse\Udemy demoProject\UProject\Master.xml

2024-10-11 13:14:58 INFO  TC001_AccountRegistrationTest:17 - ***** Starting TC001_AccountRegistrationTest******
2024-10-11 13:14:59 INFO  TC001_AccountRegistrationTest:23 - Click My Account Link
2024-10-11 13:15:00 INFO  TC001_AccountRegistrationTest:25 - Click Registration Link
2024-10-11 13:15:00 INFO  TC001_AccountRegistrationTest:29 - Providing Customer Details
2024-10-11 13:15:04 INFO  TC001_AccountRegistrationTest:43 - Validating expected message...
2024-10-11 13:15:04 INFO  TC001_AccountRegistrationTest:64 - ***** Finished TC001_AccountRegistrationTest******
2024-10-11 13:15:07 INFO  TC002_LoginTest:17 - **** Starting TC002_LoginTest *****
2024-10-11 13:15:08 INFO  TC002_LoginTest:23 - Click on My Account Link
2024-10-11 13:15:08 INFO  TC002_LoginTest:25 - Click Login Link
2024-10-11 13:15:08 INFO  TC002_LoginTest:28 - Putting MY Email and Password 
2024-10-11 13:15:09 INFO  TC002_LoginTest:34 - My account msg is expexted
2024-10-11 13:15:10 INFO  TC002_LoginTest:45 - ****** Finnished TC002_LoginTest *****
2024-10-11 13:17:11 DEBUG TestNG:82 - suiteXmlPath: "D:\Eclipse\Udemy demoProject\UProject\Master.xml"
2024-10-11 13:17:11 INFO  Utils:112 - [TestNG] Running:
  D:\Eclipse\Udemy demoProject\UProject\Master.xml

2024-10-11 13:20:02 DEBUG TestNG:82 - suiteXmlPath: "D:\Eclipse\Udemy demoProject\UProject\Master.xml"
2024-10-11 13:20:02 INFO  Utils:112 - [TestNG] Running:
  D:\Eclipse\Udemy demoProject\UProject\Master.xml

2024-10-11 13:21:00 DEBUG TestNG:82 - suiteXmlPath: "C:\Users\prksh\AppData\Local\Temp\testng-eclipse-887256001\testng-customsuite.xml"
2024-10-11 13:21:01 INFO  Utils:112 - [Utils] MethodGroupsHelper.collectMethodsByGroup() took 0 ms.
2024-10-11 13:21:01 INFO  Utils:112 - [Utils] MethodGroupsHelper.sortMethods() took 1 ms.
2024-10-11 13:21:01 INFO  Utils:112 - [Utils] MethodGroupsHelper.collectMethodsByGroup() took 0 ms.
2024-10-11 13:21:01 INFO  Utils:112 - [Utils] MethodGroupsHelper.sortMethods() took 0 ms.
2024-10-11 13:21:01 INFO  Utils:112 - [Utils] MethodGroupsHelper.collectMethodsByGroup() took 0 ms.
2024-10-11 13:21:01 INFO  Utils:112 - [Utils] MethodGroupsHelper.sortMethods() took 0 ms.
2024-10-11 13:21:01 INFO  Utils:112 - [Utils] MethodGroupsHelper.collectMethodsByGroup() took 0 ms.
2024-10-11 13:21:01 INFO  Utils:112 - [Utils] MethodGroupsHelper.sortMethods() took 0 ms.
2024-10-11 13:21:01 INFO  Utils:112 - [Utils] MethodGroupsHelper.collectMethodsByGroup() took 8 ms.
2024-10-11 13:21:01 INFO  Utils:112 - [Utils] MethodGroupsHelper.sortMethods() took 16 ms.
2024-10-11 13:21:01 INFO  Utils:112 - [Utils] MethodGroupsHelper.collectMethodsByGroup() took 0 ms.
2024-10-11 13:21:01 INFO  Utils:112 - [Utils] MethodGroupsHelper.sortMethods() took 1 ms.
2024-10-11 13:21:01 INFO  Utils:112 - [Utils] MethodGroupsHelper.collectMethodsByGroup() took 0 ms.
2024-10-11 13:21:01 INFO  Utils:112 - [Utils] MethodGroupsHelper.sortMethods() took 0 ms.
2024-10-11 13:21:01 INFO  Utils:112 - [Utils] MethodGroupsHelper.collectMethodsByGroup() took 0 ms.
2024-10-11 13:21:01 INFO  Utils:112 - [Utils] MethodGroupsHelper.sortMethods() took 0 ms.
2024-10-11 13:21:01 INFO  Utils:112 - [Utils] MethodGroupsHelper.collectMethodsByGroup() took 0 ms.
2024-10-11 13:21:01 INFO  Utils:112 - [Utils] MethodGroupsHelper.sortMethods() took 0 ms.
2024-10-11 13:21:01 INFO  Utils:112 - [Utils] MethodGroupsHelper.collectMethodsByGroup() took 0 ms.
2024-10-11 13:21:01 INFO  Utils:112 - [Utils] MethodGroupsHelper.sortMethods() took 0 ms.
2024-10-11 13:21:01 INFO  Utils:112 - [Utils] MethodGroupsHelper.collectMethodsByGroup() took 0 ms.
2024-10-11 13:21:01 INFO  Utils:112 - [Utils] MethodGroupsHelper.sortMethods() took 0 ms.
2024-10-11 13:21:01 INFO  Utils:112 - [Utils] MethodGroupsHelper.collectMethodsByGroup() took 0 ms.
2024-10-11 13:21:01 INFO  Utils:112 - [Utils] MethodGroupsHelper.sortMethods() took 0 ms.
2024-10-11 13:21:01 INFO  Utils:112 - [Utils] MethodGroupsHelper.collectMethodsByGroup() took 1 ms.
2024-10-11 13:21:01 INFO  Utils:112 - [Utils] MethodGroupsHelper.sortMethods() took 1 ms.
2024-10-11 13:21:01 INFO  Utils:112 - [Utils] MethodGroupsHelper.collectMethodsByGroup() took 0 ms.
2024-10-11 13:21:01 INFO  Utils:112 - [Utils] MethodGroupsHelper.sortMethods() took 0 ms.
2024-10-11 13:21:01 INFO  Utils:112 - [Utils] MethodGroupsHelper.collectMethodsByGroup() took 0 ms.
2024-10-11 13:21:01 INFO  Utils:112 - [Utils] MethodGroupsHelper.sortMethods() took 0 ms.
2024-10-11 13:21:01 INFO  Utils:112 - [TestNG] Running:
  C:\Users\prksh\AppData\Local\Temp\testng-eclipse-887256001\testng-customsuite.xml

2024-10-11 13:21:01 INFO  Utils:112 - [Utils] DynamicGraphHelper.createDynamicGraph() took 7 ms.
2024-10-11 13:21:01 ERROR Utils:154 - [Error] java.lang.NoClassDefFoundError: org/apache/poi/util/POILogFactory
	at org.apache.poi.POIXMLDocumentPart.&lt;clinit&gt;(POIXMLDocumentPart.java:49)
	at utilities.ExcelUtility.getRowCount(ExcelUtility.java:37)
	at utilities.DataProviders.getData(DataProviders.java:18)
	at java.base/jdk.internal.reflect.DirectMethodHandleAccessor.invoke(DirectMethodHandleAccessor.java:103)
	at java.base/java.lang.reflect.Method.invoke(Method.java:580)
	at org.testng.internal.invokers.MethodInvocationHelper.invokeMethod(MethodInvocationHelper.java:141)
	at org.testng.internal.invokers.MethodInvocationHelper.invokeMethod(MethodInvocationHelper.java:86)
	at org.testng.internal.invokers.MethodInvocationHelper.invokeMethodNoCheckedException(MethodInvocationHelper.java:54)
	at org.testng.internal.invokers.MethodInvocationHelper.invokeDataProvider(MethodInvocationHelper.java:159)
	at org.testng.internal.Parameters.handleParameters(Parameters.java:809)
	at org.testng.internal.Parameters.handleParameters(Parameters.java:734)
	at org.testng.internal.invokers.ParameterHandler.handleParameters(ParameterHandler.java:72)
	at org.testng.internal.invokers.ParameterHandler.createParameters(ParameterHandler.java:51)
	at org.testng.internal.invokers.TestInvoker$MethodInvocationAgent.invoke(TestInvoker.java:946)
	at org.testng.internal.invokers.TestInvoker.invokeTestMethods(TestInvoker.java:203)
	at org.testng.internal.invokers.TestMethodWorker.invokeTestMethods(TestMethodWorker.java:154)
	at org.testng.internal.invokers.TestMethodWorker.run(TestMethodWorker.java:134)
	at java.base/java.util.ArrayList.forEach(ArrayList.java:1596)
	at org.testng.TestRunner.privateRun(TestRunner.java:739)
	at org.testng.TestRunner.run(TestRunner.java:614)
	at org.testng.SuiteRunner.runTest(SuiteRunner.java:421)
	at org.testng.SuiteRunner.runSequentially(SuiteRunner.java:413)
	at org.testng.SuiteRunner.privateRun(SuiteRunner.java:373)
	at org.testng.SuiteRunner.run(SuiteRunner.java:312)
	at org.testng.SuiteRunnerWorker.runSuite(SuiteRunnerWorker.java:52)
	at org.testng.SuiteRunnerWorker.run(SuiteRunnerWorker.java:95)
	at org.testng.TestNG.runSuitesSequentially(TestNG.java:1274)
	at org.testng.TestNG.runSuitesLocally(TestNG.java:1208)
	at org.testng.TestNG.runSuites(TestNG.java:1112)
	at org.testng.TestNG.run(TestNG.java:1079)
	at org.testng.remote.AbstractRemoteTestNG.run(AbstractRemoteTestNG.java:115)
	at org.testng.remote.RemoteTestNG.initAndRun(RemoteTestNG.java:293)
	at org.testng.remote.RemoteTestNG.main(RemoteTestNG.java:91)
Caused by: java.lang.ClassNotFoundException: org.apache.poi.util.POILogFactory
	at java.base/jdk.internal.loader.BuiltinClassLoader.loadClass(BuiltinClassLoader.java:641)
	at java.base/jdk.internal.loader.ClassLoaders$AppClassLoader.loadClass(ClassLoaders.java:188)
	at java.base/java.lang.ClassLoader.loadClass(ClassLoader.java:526)
	... 33 more

2024-10-11 13:21:01 INFO  Utils:112 - [TestNG] Time taken by org.testng.reporters.jq.Main@649f2009: 220 ms
2024-10-11 13:21:01 INFO  Utils:112 - [TestNG] Time taken by org.testng.reporters.FailedReporter@200606de: 28 ms
2024-10-11 13:21:01 INFO  Utils:112 - [TestNG] Time taken by org.testng.reporters.XMLReporter@402f80f5: 26 ms
2024-10-11 13:21:01 INFO  Utils:112 - [TestNG] Time taken by org.testng.reporters.EmailableReporter2@4e9658b5: 21 ms
2024-10-11 13:21:01 INFO  Utils:112 - [TestNG] Time taken by org.testng.reporters.JUnitReportReporter@52eacb4b: 13 ms
2024-10-11 13:21:01 INFO  Utils:112 - [TestNG] Time taken by org.testng.internal.ExitCodeListener@5528a42c: 1 ms
2024-10-11 16:12:38 DEBUG TestNG:82 - suiteXmlPath: "D:\Eclipse\Udemy demoProject\UProject\grid-docker.xml"
2024-10-11 16:12:38 INFO  Utils:112 - [TestNG] Running:
  D:\Eclipse\Udemy demoProject\UProject\grid-docker.xml

2024-10-11 16:20:34 DEBUG TestNG:82 - suiteXmlPath: "D:\Eclipse\Udemy demoProject\UProject\grid-docker.xml"
2024-10-11 16:20:34 INFO  Utils:112 - [TestNG] Running:
  D:\Eclipse\Udemy demoProject\UProject\grid-docker.xml

2024-10-11 16:22:20 DEBUG TestNG:82 - suiteXmlPath: "D:\Eclipse\Udemy demoProject\UProject\grid-docker.xml"
2024-10-11 16:22:21 INFO  Utils:112 - [TestNG] Running:
  D:\Eclipse\Udemy demoProject\UProject\grid-docker.xml

2024-10-11 16:23:43 DEBUG TestNG:82 - suiteXmlPath: "D:\Eclipse\Udemy demoProject\UProject\grid-docker.xml"
2024-10-11 16:23:44 INFO  Utils:112 - [TestNG] Running:
  D:\Eclipse\Udemy demoProject\UProject\grid-docker.xml

2024-10-11 16:30:21 DEBUG TestNG:82 - suiteXmlPath: "D:\Eclipse\Udemy demoProject\UProject\grid-docker.xml"
2024-10-11 16:30:21 INFO  Utils:112 - [TestNG] Running:
  D:\Eclipse\Udemy demoProject\UProject\grid-docker.xml

2024-10-11 16:33:03 DEBUG TestNG:82 - suiteXmlPath: "D:\Eclipse\Udemy demoProject\UProject\grid-docker.xml"
2024-10-11 16:33:04 INFO  Utils:112 - [TestNG] Running:
  D:\Eclipse\Udemy demoProject\UProject\grid-docker.xml

2024-10-11 16:33:10 INFO  TC001_AccountRegistrationTest:17 - ***** Starting TC001_AccountRegistrationTest******
2024-10-11 16:33:10 INFO  TC001_AccountRegistrationTest:23 - Click My Account Link
2024-10-11 16:33:11 INFO  TC001_AccountRegistrationTest:25 - Click Registration Link
2024-10-11 16:33:11 INFO  TC001_AccountRegistrationTest:29 - Providing Customer Details
2024-10-11 16:33:13 INFO  TC001_AccountRegistrationTest:43 - Validating expected message...
2024-10-11 16:33:13 INFO  TC001_AccountRegistrationTest:64 - ***** Finished TC001_AccountRegistrationTest******
2024-10-11 16:33:15 INFO  TC002_LoginTest:17 - **** Starting TC002_LoginTest *****
2024-10-11 16:33:16 INFO  TC002_LoginTest:23 - Click on My Account Link
2024-10-11 16:33:16 INFO  TC002_LoginTest:25 - Click Login Link
2024-10-11 16:33:16 INFO  TC002_LoginTest:28 - Putting MY Email and Password 
2024-10-11 16:33:17 INFO  TC002_LoginTest:34 - My account msg is expexted
2024-10-11 16:33:17 INFO  TC002_LoginTest:45 - ****** Finnished TC002_LoginTest *****
2024-10-11 16:34:49 DEBUG TestNG:82 - suiteXmlPath: "D:\Eclipse\Udemy demoProject\UProject\grid-docker.xml"
2024-10-11 16:34:50 INFO  Utils:112 - [TestNG] Running:
  D:\Eclipse\Udemy demoProject\UProject\grid-docker.xml

2024-10-11 16:34:54 INFO  TC001_AccountRegistrationTest:17 - ***** Starting TC001_AccountRegistrationTest******
2024-10-11 16:34:55 INFO  TC001_AccountRegistrationTest:23 - Click My Account Link
2024-10-11 16:34:55 INFO  TC001_AccountRegistrationTest:25 - Click Registration Link
2024-10-11 16:34:55 INFO  TC001_AccountRegistrationTest:29 - Providing Customer Details
2024-10-11 16:34:57 INFO  TC001_AccountRegistrationTest:43 - Validating expected message...
2024-10-11 16:34:57 INFO  TC001_AccountRegistrationTest:64 - ***** Finished TC001_AccountRegistrationTest******
2024-10-11 16:35:00 INFO  TC002_LoginTest:17 - **** Starting TC002_LoginTest *****
2024-10-11 16:35:01 INFO  TC002_LoginTest:23 - Click on My Account Link
2024-10-11 16:35:01 INFO  TC002_LoginTest:25 - Click Login Link
2024-10-11 16:35:01 INFO  TC002_LoginTest:28 - Putting MY Email and Password 
2024-10-11 16:35:04 INFO  TC002_LoginTest:34 - My account msg is expexted
2024-10-11 16:35:04 INFO  TC002_LoginTest:45 - ****** Finnished TC002_LoginTest *****
2024-10-11 16:42:19 DEBUG TestNG:82 - suiteXmlPath: "D:\Eclipse\Udemy demoProject\UProject\grid-docker.xml"
2024-10-11 16:42:53 DEBUG TestNG:82 - suiteXmlPath: "D:\Eclipse\Udemy demoProject\UProject\grid-docker.xml"
2024-10-11 16:42:53 INFO  Utils:112 - [TestNG] Running:
  D:\Eclipse\Udemy demoProject\UProject\grid-docker.xml

2024-10-11 16:42:58 INFO  TC001_AccountRegistrationTest:17 - ***** Starting TC001_AccountRegistrationTest******
2024-10-11 16:42:58 INFO  TC001_AccountRegistrationTest:23 - Click My Account Link
2024-10-11 16:42:59 INFO  TC001_AccountRegistrationTest:25 - Click Registration Link
2024-10-11 16:42:59 INFO  TC001_AccountRegistrationTest:29 - Providing Customer Details
2024-10-11 16:43:02 INFO  TC001_AccountRegistrationTest:43 - Validating expected message...
2024-10-11 16:43:02 INFO  TC001_AccountRegistrationTest:64 - ***** Finished TC001_AccountRegistrationTest******
2024-10-11 16:43:05 INFO  TC002_LoginTest:17 - **** Starting TC002_LoginTest *****
2024-10-11 16:43:05 INFO  TC002_LoginTest:23 - Click on My Account Link
2024-10-11 16:43:06 INFO  TC002_LoginTest:25 - Click Login Link
2024-10-11 16:43:06 INFO  TC002_LoginTest:28 - Putting MY Email and Password 
2024-10-11 16:43:07 INFO  TC002_LoginTest:34 - My account msg is expexted
2024-10-11 16:43:07 INFO  TC002_LoginTest:45 - ****** Finnished TC002_LoginTest *****
2024-10-11 16:50:46 DEBUG TestNG:82 - suiteXmlPath: "D:\Eclipse\Udemy demoProject\UProject\grid-docker.xml"
2024-10-11 16:50:46 INFO  Utils:112 - [TestNG] Running:
  D:\Eclipse\Udemy demoProject\UProject\grid-docker.xml

2024-10-11 16:50:50 INFO  TC001_AccountRegistrationTest:17 - ***** Starting TC001_AccountRegistrationTest******
2024-10-11 16:50:51 INFO  TC001_AccountRegistrationTest:23 - Click My Account Link
2024-10-11 16:50:51 INFO  TC001_AccountRegistrationTest:25 - Click Registration Link
2024-10-11 16:50:51 INFO  TC001_AccountRegistrationTest:29 - Providing Customer Details
2024-10-11 16:50:52 INFO  TC001_AccountRegistrationTest:43 - Validating expected message...
2024-10-11 16:50:53 INFO  TC001_AccountRegistrationTest:64 - ***** Finished TC001_AccountRegistrationTest******
2024-10-11 16:50:55 INFO  TC002_LoginTest:17 - **** Starting TC002_LoginTest *****
2024-10-11 16:50:56 INFO  TC002_LoginTest:23 - Click on My Account Link
2024-10-11 16:50:56 INFO  TC002_LoginTest:25 - Click Login Link
2024-10-11 16:50:56 INFO  TC002_LoginTest:28 - Putting MY Email and Password 
2024-10-11 16:50:57 INFO  TC002_LoginTest:34 - My account msg is expexted
2024-10-11 16:50:57 INFO  TC002_LoginTest:45 - ****** Finnished TC002_LoginTest *****
2024-10-11 21:39:15 DEBUG TestNG:82 - suiteXmlPath: "D:\Eclipse\Udemy demoProject\UProject\Master.xml"
2024-10-11 21:42:40 DEBUG TestNG:82 - suiteXmlPath: "D:\Eclipse\Udemy demoProject\UProject\Master.xml"
2024-10-11 21:43:49 DEBUG TestNG:82 - suiteXmlPath: "D:\Eclipse\Udemy demoProject\UProject\Master.xml"
2024-10-11 21:47:01 DEBUG TestNG:82 - suiteXmlPath: "D:\Eclipse\Udemy demoProject\UProject\Master.xml"
2024-10-11 21:48:24 DEBUG TestNG:82 - suiteXmlPath: "D:\Eclipse\Udemy demoProject\UProject\Master.xml"
2024-10-11 21:48:31 INFO  TC001_AccountRegistrationTest:17 - ***** Starting TC001_AccountRegistrationTest******
2024-10-11 21:48:32 INFO  TC001_AccountRegistrationTest:23 - Click My Account Link
2024-10-11 21:48:32 INFO  TC001_AccountRegistrationTest:25 - Click Registration Link
2024-10-11 21:48:32 INFO  TC001_AccountRegistrationTest:29 - Providing Customer Details
2024-10-11 21:48:34 INFO  TC001_AccountRegistrationTest:43 - Validating expected message...
2024-10-11 21:48:34 INFO  TC001_AccountRegistrationTest:64 - ***** Finished TC001_AccountRegistrationTest******
2024-10-11 21:48:36 INFO  TC002_LoginTest:17 - **** Starting TC002_LoginTest *****
2024-10-11 21:48:36 INFO  TC002_LoginTest:23 - Click on My Account Link
2024-10-11 21:48:37 INFO  TC002_LoginTest:25 - Click Login Link
2024-10-11 21:48:37 INFO  TC002_LoginTest:28 - Putting MY Email and Password 
2024-10-11 21:48:38 INFO  TC002_LoginTest:34 - My account msg is expexted
2024-10-11 21:48:38 INFO  TC002_LoginTest:45 - ****** Finnished TC002_LoginTest *****
2024-10-11 21:49:43 DEBUG TestNG:82 - suiteXmlPath: "D:\Eclipse\Udemy demoProject\UProject\Master.xml"
2024-10-11 21:49:48 INFO  TC001_AccountRegistrationTest:17 - ***** Starting TC001_AccountRegistrationTest******
2024-10-11 21:49:48 INFO  TC001_AccountRegistrationTest:23 - Click My Account Link
2024-10-11 21:49:49 INFO  TC001_AccountRegistrationTest:25 - Click Registration Link
2024-10-11 21:49:49 INFO  TC001_AccountRegistrationTest:29 - Providing Customer Details
2024-10-11 21:49:51 INFO  TC001_AccountRegistrationTest:43 - Validating expected message...
2024-10-11 21:49:51 INFO  TC001_AccountRegistrationTest:64 - ***** Finished TC001_AccountRegistrationTest******
2024-10-11 21:49:54 INFO  TC002_LoginTest:17 - **** Starting TC002_LoginTest *****
2024-10-11 21:49:54 INFO  TC002_LoginTest:23 - Click on My Account Link
2024-10-11 21:49:54 INFO  TC002_LoginTest:25 - Click Login Link
2024-10-11 21:49:54 INFO  TC002_LoginTest:28 - Putting MY Email and Password 
2024-10-11 21:49:55 INFO  TC002_LoginTest:34 - My account msg is expexted
2024-10-11 21:49:55 INFO  TC002_LoginTest:45 - ****** Finnished TC002_LoginTest *****
2024-10-11 22:21:14 DEBUG TestNG:82 - suiteXmlPath: "C:\Users\prksh\AppData\Local\Temp\testng-eclipse--2021795145\testng-customsuite.xml"
2024-10-11 22:21:14 INFO  Utils:112 - [Utils] MethodGroupsHelper.collectMethodsByGroup() took 1 ms.
2024-10-11 22:21:14 INFO  Utils:112 - [Utils] MethodGroupsHelper.sortMethods() took 1 ms.
2024-10-11 22:21:14 INFO  Utils:112 - [Utils] MethodGroupsHelper.collectMethodsByGroup() took 0 ms.
2024-10-11 22:21:14 INFO  Utils:112 - [Utils] MethodGroupsHelper.sortMethods() took 0 ms.
2024-10-11 22:21:14 INFO  Utils:112 - [Utils] MethodGroupsHelper.collectMethodsByGroup() took 0 ms.
2024-10-11 22:21:14 INFO  Utils:112 - [Utils] MethodGroupsHelper.sortMethods() took 0 ms.
2024-10-11 22:21:14 INFO  Utils:112 - [Utils] MethodGroupsHelper.collectMethodsByGroup() took 0 ms.
2024-10-11 22:21:14 INFO  Utils:112 - [Utils] MethodGroupsHelper.sortMethods() took 0 ms.
2024-10-11 22:21:14 INFO  Utils:112 - [Utils] MethodGroupsHelper.collectMethodsByGroup() took 5 ms.
2024-10-11 22:21:14 INFO  Utils:112 - [Utils] MethodGroupsHelper.sortMethods() took 10 ms.
2024-10-11 22:21:14 INFO  Utils:112 - [Utils] MethodGroupsHelper.collectMethodsByGroup() took 0 ms.
2024-10-11 22:21:14 INFO  Utils:112 - [Utils] MethodGroupsHelper.sortMethods() took 1 ms.
2024-10-11 22:21:14 INFO  Utils:112 - [Utils] MethodGroupsHelper.collectMethodsByGroup() took 0 ms.
2024-10-11 22:21:14 INFO  Utils:112 - [Utils] MethodGroupsHelper.sortMethods() took 0 ms.
2024-10-11 22:21:14 INFO  Utils:112 - [Utils] MethodGroupsHelper.collectMethodsByGroup() took 0 ms.
2024-10-11 22:21:14 INFO  Utils:112 - [Utils] MethodGroupsHelper.sortMethods() took 0 ms.
2024-10-11 22:21:14 INFO  Utils:112 - [Utils] MethodGroupsHelper.collectMethodsByGroup() took 0 ms.
2024-10-11 22:21:14 INFO  Utils:112 - [Utils] MethodGroupsHelper.sortMethods() took 0 ms.
2024-10-11 22:21:14 INFO  Utils:112 - [Utils] MethodGroupsHelper.collectMethodsByGroup() took 0 ms.
2024-10-11 22:21:14 INFO  Utils:112 - [Utils] MethodGroupsHelper.sortMethods() took 0 ms.
2024-10-11 22:21:14 INFO  Utils:112 - [Utils] MethodGroupsHelper.collectMethodsByGroup() took 0 ms.
2024-10-11 22:21:14 INFO  Utils:112 - [Utils] MethodGroupsHelper.sortMethods() took 0 ms.
2024-10-11 22:21:14 INFO  Utils:112 - [Utils] MethodGroupsHelper.collectMethodsByGroup() took 0 ms.
2024-10-11 22:21:14 INFO  Utils:112 - [Utils] MethodGroupsHelper.sortMethods() took 0 ms.
2024-10-11 22:21:14 INFO  Utils:112 - [Utils] MethodGroupsHelper.collectMethodsByGroup() took 0 ms.
2024-10-11 22:21:14 INFO  Utils:112 - [Utils] MethodGroupsHelper.sortMethods() took 0 ms.
2024-10-11 22:21:14 INFO  Utils:112 - [Utils] MethodGroupsHelper.collectMethodsByGroup() took 0 ms.
2024-10-11 22:21:14 INFO  Utils:112 - [Utils] MethodGroupsHelper.sortMethods() took 0 ms.
2024-10-11 22:21:14 INFO  Utils:112 - [Utils] MethodGroupsHelper.collectMethodsByGroup() took 0 ms.
2024-10-11 22:21:14 INFO  Utils:112 - [Utils] MethodGroupsHelper.sortMethods() took 0 ms.
2024-10-11 22:21:14 INFO  Utils:112 - [TestNG] Running:
  C:\Users\prksh\AppData\Local\Temp\testng-eclipse--2021795145\testng-customsuite.xml

2024-10-11 22:21:15 INFO  Utils:112 - [Utils] DynamicGraphHelper.createDynamicGraph() took 6 ms.
2024-10-11 22:21:15 ERROR Utils:154 - [Error] java.io.FileNotFoundException: .\testData\Opencart_LoginData.xlsx (The system cannot find the file specified)
	at java.base/java.io.FileInputStream.open0(Native Method)
	at java.base/java.io.FileInputStream.open(FileInputStream.java:213)
	at java.base/java.io.FileInputStream.&lt;init&gt;(FileInputStream.java:152)
	at java.base/java.io.FileInputStream.&lt;init&gt;(FileInputStream.java:106)
	at utilities.ExcelUtility.getRowCount(ExcelUtility.java:36)
	at utilities.DataProviders.getData(DataProviders.java:18)
	at java.base/jdk.internal.reflect.DirectMethodHandleAccessor.invoke(DirectMethodHandleAccessor.java:103)
	at java.base/java.lang.reflect.Method.invoke(Method.java:580)
	at org.testng.internal.invokers.MethodInvocationHelper.invokeMethod(MethodInvocationHelper.java:141)
	at org.testng.internal.invokers.MethodInvocationHelper.invokeMethod(MethodInvocationHelper.java:86)
	at org.testng.internal.invokers.MethodInvocationHelper.invokeMethodNoCheckedException(MethodInvocationHelper.java:54)
	at org.testng.internal.invokers.MethodInvocationHelper.invokeDataProvider(MethodInvocationHelper.java:159)
	at org.testng.internal.Parameters.handleParameters(Parameters.java:809)
	at org.testng.internal.Parameters.handleParameters(Parameters.java:734)
	at org.testng.internal.invokers.ParameterHandler.handleParameters(ParameterHandler.java:72)
	at org.testng.internal.invokers.ParameterHandler.createParameters(ParameterHandler.java:51)
	at org.testng.internal.invokers.TestInvoker$MethodInvocationAgent.invoke(TestInvoker.java:946)
	at org.testng.internal.invokers.TestInvoker.invokeTestMethods(TestInvoker.java:203)
	at org.testng.internal.invokers.TestMethodWorker.invokeTestMethods(TestMethodWorker.java:154)
	at org.testng.internal.invokers.TestMethodWorker.run(TestMethodWorker.java:134)
	at java.base/java.util.ArrayList.forEach(ArrayList.java:1596)
	at org.testng.TestRunner.privateRun(TestRunner.java:739)
	at org.testng.TestRunner.run(TestRunner.java:614)
	at org.testng.SuiteRunner.runTest(SuiteRunner.java:421)
	at org.testng.SuiteRunner.runSequentially(SuiteRunner.java:413)
	at org.testng.SuiteRunner.privateRun(SuiteRunner.java:373)
	at org.testng.SuiteRunner.run(SuiteRunner.java:312)
	at org.testng.SuiteRunnerWorker.runSuite(SuiteRunnerWorker.java:52)
	at org.testng.SuiteRunnerWorker.run(SuiteRunnerWorker.java:95)
	at org.testng.TestNG.runSuitesSequentially(TestNG.java:1274)
	at org.testng.TestNG.runSuitesLocally(TestNG.java:1208)
	at org.testng.TestNG.runSuites(TestNG.java:1112)
	at org.testng.TestNG.run(TestNG.java:1079)
	at org.testng.remote.AbstractRemoteTestNG.run(AbstractRemoteTestNG.java:115)
	at org.testng.remote.RemoteTestNG.initAndRun(RemoteTestNG.java:293)
	at org.testng.remote.RemoteTestNG.main(RemoteTestNG.java:91)

2024-10-11 22:21:15 INFO  Utils:112 - [TestNG] Time taken by org.testng.reporters.jq.Main@5769e7ae: 228 ms
2024-10-11 22:21:15 INFO  Utils:112 - [TestNG] Time taken by org.testng.reporters.FailedReporter@2ad3a1bb: 15 ms
2024-10-11 22:21:15 INFO  Utils:112 - [TestNG] Time taken by org.testng.reporters.XMLReporter@384fc774: 28 ms
2024-10-11 22:21:15 INFO  Utils:112 - [TestNG] Time taken by org.testng.reporters.EmailableReporter2@596df867: 15 ms
2024-10-11 22:21:15 INFO  Utils:112 - [TestNG] Time taken by org.testng.reporters.JUnitReportReporter@285f09de: 24 ms
2024-10-11 22:21:15 INFO  Utils:112 - [TestNG] Time taken by org.testng.internal.ExitCodeListener@73393584: 0 ms
2024-10-11 22:22:03 DEBUG TestNG:82 - suiteXmlPath: "D:\Eclipse\Udemy demoProject\UProject\testng.xml"
2024-10-11 22:22:03 INFO  Utils:112 - [TestNG] Running:
  D:\Eclipse\Udemy demoProject\UProject\testng.xml

2024-10-11 22:30:10 DEBUG TestNG:82 - suiteXmlPath: "D:\Eclipse\Udemy demoProject\UProject\Master.xml"
2024-10-11 22:31:42 DEBUG TestNG:82 - suiteXmlPath: "D:\Eclipse\Udemy demoProject\UProject\Master.xml"
2024-10-11 22:33:00 DEBUG TestNG:82 - suiteXmlPath: "D:\Eclipse\Udemy demoProject\UProject\Master.xml"
2024-10-11 22:33:01 INFO  Utils:112 - [TestNG] Running:
  D:\Eclipse\Udemy demoProject\UProject\Master.xml

2024-10-11 22:34:47 DEBUG TestNG:82 - suiteXmlPath: "D:\Eclipse\Udemy demoProject\UProject\Master.xml"
2024-10-11 22:34:53 INFO  TC001_AccountRegistrationTest:17 - ***** Starting TC001_AccountRegistrationTest******
2024-10-11 22:34:53 INFO  TC001_AccountRegistrationTest:23 - Click My Account Link
2024-10-11 22:34:55 INFO  TC001_AccountRegistrationTest:25 - Click Registration Link
2024-10-11 22:34:55 INFO  TC001_AccountRegistrationTest:29 - Providing Customer Details
2024-10-11 22:34:58 INFO  TC001_AccountRegistrationTest:43 - Validating expected message...
2024-10-11 22:34:58 INFO  TC001_AccountRegistrationTest:64 - ***** Finished TC001_AccountRegistrationTest******
2024-10-11 22:35:01 INFO  TC002_LoginTest:17 - **** Starting TC002_LoginTest *****
2024-10-11 22:35:02 INFO  TC002_LoginTest:23 - Click on My Account Link
2024-10-11 22:35:03 INFO  TC002_LoginTest:25 - Click Login Link
2024-10-11 22:35:03 INFO  TC002_LoginTest:28 - Putting MY Email and Password 
2024-10-11 22:35:04 INFO  TC002_LoginTest:34 - My account msg is expexted
2024-10-11 22:35:04 INFO  TC002_LoginTest:45 - ****** Finnished TC002_LoginTest *****
2024-10-11 22:55:49 DEBUG TestNG:82 - suiteXmlPath: "D:\Eclipse\Udemy demoProject\UProject\Master.xml"
2024-10-11 22:55:53 INFO  TC001_AccountRegistrationTest:17 - ***** Starting TC001_AccountRegistrationTest******
2024-10-11 22:55:54 INFO  TC001_AccountRegistrationTest:23 - Click My Account Link
2024-10-11 22:55:55 INFO  TC001_AccountRegistrationTest:25 - Click Registration Link
2024-10-11 22:55:55 INFO  TC001_AccountRegistrationTest:29 - Providing Customer Details
2024-10-11 22:55:58 INFO  TC001_AccountRegistrationTest:43 - Validating expected message...
2024-10-11 22:55:58 INFO  TC001_AccountRegistrationTest:64 - ***** Finished TC001_AccountRegistrationTest******
2024-10-11 22:56:01 INFO  TC002_LoginTest:17 - **** Starting TC002_LoginTest *****
2024-10-11 22:56:01 INFO  TC002_LoginTest:23 - Click on My Account Link
2024-10-11 22:56:02 INFO  TC002_LoginTest:25 - Click Login Link
2024-10-11 22:56:02 INFO  TC002_LoginTest:28 - Putting MY Email and Password 
2024-10-11 22:56:03 INFO  TC002_LoginTest:34 - My account msg is expexted
2024-10-11 22:56:03 INFO  TC002_LoginTest:45 - ****** Finnished TC002_LoginTest *****
2024-10-11 22:56:46 DEBUG TestNG:82 - suiteXmlPath: "D:\Eclipse\Udemy demoProject\UProject\Master.xml"
2024-10-11 22:56:51 INFO  TC001_AccountRegistrationTest:17 - ***** Starting TC001_AccountRegistrationTest******
2024-10-11 22:56:52 INFO  TC001_AccountRegistrationTest:23 - Click My Account Link
2024-10-11 22:56:53 INFO  TC001_AccountRegistrationTest:25 - Click Registration Link
2024-10-11 22:56:53 INFO  TC001_AccountRegistrationTest:29 - Providing Customer Details
2024-10-11 22:56:57 INFO  TC001_AccountRegistrationTest:43 - Validating expected message...
2024-10-11 22:56:57 INFO  TC001_AccountRegistrationTest:64 - ***** Finished TC001_AccountRegistrationTest******
2024-10-11 22:57:01 INFO  TC002_LoginTest:17 - **** Starting TC002_LoginTest *****
2024-10-11 22:57:01 INFO  TC002_LoginTest:23 - Click on My Account Link
2024-10-11 22:57:02 INFO  TC002_LoginTest:25 - Click Login Link
2024-10-11 22:57:02 INFO  TC002_LoginTest:28 - Putting MY Email and Password 
2024-10-11 22:57:03 INFO  TC002_LoginTest:34 - My account msg is expexted
2024-10-11 22:57:03 INFO  TC002_LoginTest:45 - ****** Finnished TC002_LoginTest *****
2024-10-11 23:01:20 DEBUG TestNG:82 - suiteXmlPath: "D:\Eclipse\Udemy demoProject\UProject\Master.xml"
2024-10-11 23:01:24 INFO  TC001_AccountRegistrationTest:17 - ***** Starting TC001_AccountRegistrationTest******
2024-10-11 23:01:25 INFO  TC001_AccountRegistrationTest:23 - Click My Account Link
2024-10-11 23:01:26 INFO  TC001_AccountRegistrationTest:25 - Click Registration Link
2024-10-11 23:01:26 INFO  TC001_AccountRegistrationTest:29 - Providing Customer Details
2024-10-11 23:01:29 INFO  TC001_AccountRegistrationTest:43 - Validating expected message...
2024-10-11 23:01:29 INFO  TC001_AccountRegistrationTest:64 - ***** Finished TC001_AccountRegistrationTest******
2024-10-11 23:01:34 INFO  TC002_LoginTest:17 - **** Starting TC002_LoginTest *****
2024-10-11 23:01:34 INFO  TC002_LoginTest:23 - Click on My Account Link
2024-10-11 23:01:34 INFO  TC002_LoginTest:25 - Click Login Link
2024-10-11 23:01:34 INFO  TC002_LoginTest:28 - Putting MY Email and Password 
2024-10-11 23:01:35 INFO  TC002_LoginTest:34 - My account msg is expexted
2024-10-11 23:01:36 INFO  TC002_LoginTest:45 - ****** Finnished TC002_LoginTest *****
